[2024-03-19 17:38:45] [LOG] Tworzenie kopii zapasowej 
[2024-03-19 17:38:45] [LOG] Znaleziono2557 pliki do kopii zapasowej.
[2024-03-19 17:39:21] [LOG] Utworzono nową kopię zapasową o nazwie: BM_2024-03-19_17_38_45_wxeBrpZkn2YvMOUH.zip
[2024-03-19 17:39:21] [LOG] Process (backup) finished successfully via ajax.php
[2024-03-19 19:41:33] [LOG] Tworzenie kopii zapasowej 
[2024-03-19 19:41:33] [LOG] Znaleziono2571 pliki do kopii zapasowej.
[2024-03-19 19:42:06] [LOG] Utworzono nową kopię zapasową o nazwie: BM_2024-03-19_19_41_33_f3PcqMwO5xsvkJ0z.zip
[2024-03-19 19:42:06] [LOG] Process (backup) finished successfully via ajax.php
[2024-03-24 16:02:00] [LOG] Tworzenie kopii zapasowej 
[2024-03-24 16:02:00] [LOG] Znaleziono2713 pliki do kopii zapasowej.
[2024-03-24 16:02:36] [LOG] Utworzono nową kopię zapasową o nazwie: BM_2024-03-24_16_02_00_kCm6pUDG0O5csfXF.zip
[2024-03-24 16:02:36] [LOG] Process (backup) finished successfully via ajax.php
[2024-03-24 17:53:55] [LOG] Tworzenie kopii zapasowej 
[2024-03-24 17:53:55] [LOG] Znaleziono5405 pliki do kopii zapasowej.
[2024-03-24 17:55:03] [LOG] Utworzono nową kopię zapasową o nazwie: BM_2024-03-24_17_53_54_kHOiUyCYr2Bvu6dV.zip
[2024-03-24 17:55:03] [LOG] Process (backup) finished successfully via ajax.php
[2024-03-26 20:09:48] [LOG] Tworzenie kopii zapasowej 
[2024-03-26 20:09:49] [LOG] Znaleziono5405 pliki do kopii zapasowej.
[2024-03-26 20:11:01] [LOG] Utworzono nową kopię zapasową o nazwie: BM_2024-03-26_20_09_48_N9yB3QTOGJdlxA8c.zip
[2024-03-26 20:11:01] [LOG] Process (backup) finished successfully via ajax.php
